android/app/build/intermediates/manifest_merge_blame_file/debug/manifest-merger-blame-debug-report.txt
1<?xml version="1.0" encoding="utf-8"?>
2<manifest xmlns:android="http://schemas.android.com/apk/res/android"
3    package="com.awesomtesteproject"
4    android:versionCode="1"
5    android:versionName="1.0" >
6
7    <uses-sdk
8        android:minSdkVersion="21"
9        android:targetSdkVersion="33" />
10
11    <uses-permission android:name="android.permission.SYSTEM_ALERT_WINDOW" />
11-->src/debug/AndroidManifest.xml:5:5-77
11-->src/debug/AndroidManifest.xml:5:22-75
12    <uses-permission android:name="android.permission.INTERNET" /> <!-- Include this only if you are planning to use the microphone for video recording -->
12-->src/main/AndroidManifest.xml:3:5-67
12-->src/main/AndroidManifest.xml:3:22-64
13    <uses-permission android:name="android.permission.RECORD_AUDIO" />
13-->src/main/AndroidManifest.xml:7:1-66
13-->src/main/AndroidManifest.xml:7:18-64
14    <uses-permission android:name="android.permission.ACCESS_WIFI_STATE" />
14-->[com.facebook.flipper:flipper:0.182.0] AndroidManifest.xml:16:5-76
14-->[com.facebook.flipper:flipper:0.182.0] AndroidManifest.xml:16:22-73
15    <uses-permission android:name="android.permission.WRITE_EXTERNAL_STORAGE" />
15-->[:react-native-fs] AndroidManifest.xml:7:5-81
15-->[:react-native-fs] AndroidManifest.xml:7:22-78
16    <uses-permission android:name="android.permission.READ_EXTERNAL_STORAGE" /> <!-- 用途：访问网络状态（网络定位使用） 涉及模块：融合定位、室内室外定位、地理围栏、众包、SDM -->
17    <uses-permission android:name="android.permission.ACCESS_NETWORK_STATE" /> <!-- 用途：精确位置权限 涉及模块：融合定位、室内室外定位、地理围栏、众包、SDM -->
17-->[com.huawei.hms.LocationLiteSdk:core:2.9.0.300] AndroidManifest.xml:13:5-79
17-->[com.huawei.hms.LocationLiteSdk:core:2.9.0.300] AndroidManifest.xml:13:22-76
18    <uses-permission android:name="android.permission.ACCESS_COARSE_LOCATION" />
18-->[com.huawei.hms.LocationLiteSdk:core:2.9.0.300] AndroidManifest.xml:14:5-81
18-->[com.huawei.hms.LocationLiteSdk:core:2.9.0.300] AndroidManifest.xml:14:22-78
19    <uses-permission android:name="android.permission.ACCESS_FINE_LOCATION" /> <!-- 用途：改变WLAN状态的开关（网络定位使用） 涉及模块：融合定位、室内室外定位、地理围栏、众包 -->
19-->[com.huawei.hms.LocationLiteSdk:core:2.9.0.300] AndroidManifest.xml:15:5-79
19-->[com.huawei.hms.LocationLiteSdk:core:2.9.0.300] AndroidManifest.xml:15:22-76
20    <uses-permission android:name="android.permission.CHANGE_WIFI_STATE" />
20-->[com.huawei.hms.LocationLiteSdk:core:2.9.0.300] AndroidManifest.xml:17:5-76
20-->[com.huawei.hms.LocationLiteSdk:core:2.9.0.300] AndroidManifest.xml:17:22-73
21    <uses-permission android:name="android.permission.WAKE_LOCK" />
21-->[androidx.work:work-runtime:2.8.1] AndroidManifest.xml:23:5-68
21-->[androidx.work:work-runtime:2.8.1] AndroidManifest.xml:23:22-65
22    <uses-permission android:name="android.permission.RECEIVE_BOOT_COMPLETED" />
22-->[androidx.work:work-runtime:2.8.1] AndroidManifest.xml:25:5-81
22-->[androidx.work:work-runtime:2.8.1] AndroidManifest.xml:25:22-78
23    <uses-permission android:name="android.permission.FOREGROUND_SERVICE" /> <!-- Required by older versions of Google Play services to create IID tokens -->
23-->[androidx.work:work-runtime:2.8.1] AndroidManifest.xml:26:5-77
23-->[androidx.work:work-runtime:2.8.1] AndroidManifest.xml:26:22-74
24    <uses-permission android:name="com.google.android.c2dm.permission.RECEIVE" />
24-->[com.google.android.gms:play-services-iid:17.0.0] AndroidManifest.xml:23:5-82
24-->[com.google.android.gms:play-services-iid:17.0.0] AndroidManifest.xml:23:22-79
25
26    <uses-feature
26-->[com.google.android.gms:play-services-maps:18.0.2] AndroidManifest.xml:26:5-28:35
27        android:glEsVersion="0x00020000"
27-->[com.google.android.gms:play-services-maps:18.0.2] AndroidManifest.xml:27:9-41
28        android:required="true" />
28-->[com.google.android.gms:play-services-maps:18.0.2] AndroidManifest.xml:28:9-32
29
30    <queries>
30-->[com.google.android.gms:play-services-maps:18.0.2] AndroidManifest.xml:30:5-34:15
31
32        <!-- Needs to be explicitly declared on Android R+ -->
33        <package android:name="com.google.android.apps.maps" />
33-->[com.google.android.gms:play-services-maps:18.0.2] AndroidManifest.xml:33:9-64
33-->[com.google.android.gms:play-services-maps:18.0.2] AndroidManifest.xml:33:18-61
34
35        <intent>
35-->[com.huawei.hms:device:6.5.0.300] AndroidManifest.xml:15:9-17:18
36            <action android:name="com.huawei.hms.core.aidlservice" />
36-->[com.huawei.hms:device:6.5.0.300] AndroidManifest.xml:16:13-70
36-->[com.huawei.hms:device:6.5.0.300] AndroidManifest.xml:16:21-67
37        </intent>
38        <intent>
38-->[com.huawei.hms:device:6.5.0.300] AndroidManifest.xml:18:9-20:18
39            <action android:name="com.huawei.hms.core" />
39-->[com.huawei.hms:device:6.5.0.300] AndroidManifest.xml:19:13-58
39-->[com.huawei.hms:device:6.5.0.300] AndroidManifest.xml:19:21-55
40        </intent>
41    </queries>
42
43    <uses-permission
43-->[com.transistorsoft:tsbackgroundfetch:1.0.2] AndroidManifest.xml:9:5-11:38
44        android:name="android.permission.SCHEDULE_EXACT_ALARM"
44-->[com.transistorsoft:tsbackgroundfetch:1.0.2] AndroidManifest.xml:10:9-63
45        android:maxSdkVersion="33" />
45-->[com.transistorsoft:tsbackgroundfetch:1.0.2] AndroidManifest.xml:11:9-35
46    <uses-permission android:name="android.permission.ACCESS_BACKGROUND_LOCATION" />
46-->[com.transistorsoft:tslocationmanager:3.4.5] AndroidManifest.xml:10:5-85
46-->[com.transistorsoft:tslocationmanager:3.4.5] AndroidManifest.xml:10:22-82
47    <uses-permission android:name="android.permission.ACTIVITY_RECOGNITION" />
47-->[com.transistorsoft:tslocationmanager:3.4.5] AndroidManifest.xml:12:5-79
47-->[com.transistorsoft:tslocationmanager:3.4.5] AndroidManifest.xml:12:22-76
48    <uses-permission android:name="com.google.android.gms.permission.ACTIVITY_RECOGNITION" />
48-->[com.transistorsoft:tslocationmanager:3.4.5] AndroidManifest.xml:16:5-94
48-->[com.transistorsoft:tslocationmanager:3.4.5] AndroidManifest.xml:16:22-91
49    <uses-permission android:name="com.huawei.hms.permission.ACTIVITY_RECOGNITION" />
49-->[com.transistorsoft:tslocationmanager:3.4.5] AndroidManifest.xml:17:5-86
49-->[com.transistorsoft:tslocationmanager:3.4.5] AndroidManifest.xml:17:22-83
50    <uses-permission android:name="android.permission.POST_NOTIFICATIONS" />
50-->[com.transistorsoft:tslocationmanager:3.4.5] AndroidManifest.xml:22:5-77
50-->[com.transistorsoft:tslocationmanager:3.4.5] AndroidManifest.xml:22:22-74
51    <uses-permission android:name="android.permission.FOREGROUND_SERVICE_HEALTH" />
51-->[com.transistorsoft:tslocationmanager:3.4.5] AndroidManifest.xml:23:5-84
51-->[com.transistorsoft:tslocationmanager:3.4.5] AndroidManifest.xml:23:22-81
52    <uses-permission android:name="android.permission.FOREGROUND_SERVICE_LOCATION" />
52-->[com.transistorsoft:tslocationmanager:3.4.5] AndroidManifest.xml:24:5-86
52-->[com.transistorsoft:tslocationmanager:3.4.5] AndroidManifest.xml:24:22-83
53    <!--
54    This permission overrids Android 12 restriction on starting foreground-serivces in background
55    but the permission is available only to "priveliged" apps (EMERGENCY apps)
56
57    <uses-permission android:name="android.permission.START_FOREGROUND_SERVICES_FROM_BACKGROUND" />
58    -->
59    <!-- device-specific permissions for DeviceSettings methods -->
60    <uses-permission android:name="oppo.permission.OPPO_COMPONENT_SAFE" />
60-->[com.transistorsoft:tslocationmanager:3.4.5] AndroidManifest.xml:34:5-75
60-->[com.transistorsoft:tslocationmanager:3.4.5] AndroidManifest.xml:34:22-72
61    <uses-permission android:name="com.huawei.permission.external_app_settings.USE_COMPONENT" />
61-->[com.transistorsoft:tslocationmanager:3.4.5] AndroidManifest.xml:35:5-97
61-->[com.transistorsoft:tslocationmanager:3.4.5] AndroidManifest.xml:35:22-94
62
63    <uses-feature
63-->[com.transistorsoft:tslocationmanager:3.4.5] AndroidManifest.xml:37:5-39:36
64        android:name="android.hardware.location.gps"
64-->[com.transistorsoft:tslocationmanager:3.4.5] AndroidManifest.xml:38:9-53
65        android:required="false" />
65-->[com.transistorsoft:tslocationmanager:3.4.5] AndroidManifest.xml:39:9-33
66
67    <uses-permission android:name="com.google.android.finsky.permission.BIND_GET_INSTALL_REFERRER_SERVICE" />
67-->[com.android.installreferrer:installreferrer:1.1.2] AndroidManifest.xml:9:5-110
67-->[com.android.installreferrer:installreferrer:1.1.2] AndroidManifest.xml:9:22-107
68
69    <application
69-->src/main/AndroidManifest.xml:8:5-27:19
70        android:name="com.awesomtesteproject.MainApplication"
70-->src/main/AndroidManifest.xml:9:7-38
71        android:allowBackup="false"
71-->src/main/AndroidManifest.xml:13:7-34
72        android:appComponentFactory="androidx.core.app.CoreComponentFactory"
72-->[androidx.core:core:1.7.0] AndroidManifest.xml:24:18-86
73        android:debuggable="true"
74        android:fullBackupContent="@xml/backup_rules"
74-->[com.transistorsoft:tslocationmanager:3.4.5] AndroidManifest.xml:41:18-63
75        android:icon="@mipmap/ic_launcher"
75-->src/main/AndroidManifest.xml:11:7-41
76        android:label="@string/app_name"
76-->src/main/AndroidManifest.xml:10:7-39
77        android:roundIcon="@mipmap/ic_launcher_round"
77-->src/main/AndroidManifest.xml:12:7-52
78        android:theme="@style/AppTheme"
78-->src/main/AndroidManifest.xml:14:7-38
79        android:usesCleartextTraffic="true" >
79-->src/debug/AndroidManifest.xml:8:9-44
80        <activity
80-->src/debug/AndroidManifest.xml:11:9-111
81            android:name="com.facebook.react.devsupport.DevSettingsActivity"
81-->src/debug/AndroidManifest.xml:11:19-83
82            android:exported="false" />
82-->src/debug/AndroidManifest.xml:11:84-108
83        <activity
83-->src/main/AndroidManifest.xml:15:7-26:18
84            android:name="com.awesomtesteproject.MainActivity"
84-->src/main/AndroidManifest.xml:16:9-37
85            android:configChanges="keyboard|keyboardHidden|orientation|screenLayout|screenSize|smallestScreenSize|uiMode"
85-->src/main/AndroidManifest.xml:18:9-118
86            android:exported="true"
86-->src/main/AndroidManifest.xml:21:9-32
87            android:label="@string/app_name"
87-->src/main/AndroidManifest.xml:17:9-41
88            android:launchMode="singleTask"
88-->src/main/AndroidManifest.xml:19:9-40
89            android:windowSoftInputMode="adjustResize" >
89-->src/main/AndroidManifest.xml:20:9-51
90            <intent-filter>
90-->src/main/AndroidManifest.xml:22:9-25:25
91                <action android:name="android.intent.action.MAIN" />
91-->src/main/AndroidManifest.xml:23:13-65
91-->src/main/AndroidManifest.xml:23:21-62
92
93                <category android:name="android.intent.category.LAUNCHER" />
93-->src/main/AndroidManifest.xml:24:13-73
93-->src/main/AndroidManifest.xml:24:23-70
94            </intent-filter>
95        </activity>
96
97        <provider
97-->[:react-native-image-picker] AndroidManifest.xml:8:9-16:20
98            android:name="com.imagepicker.ImagePickerProvider"
98-->[:react-native-image-picker] AndroidManifest.xml:9:13-63
99            android:authorities="com.awesomtesteproject.imagepickerprovider"
99-->[:react-native-image-picker] AndroidManifest.xml:10:13-71
100            android:exported="false"
100-->[:react-native-image-picker] AndroidManifest.xml:11:13-37
101            android:grantUriPermissions="true" >
101-->[:react-native-image-picker] AndroidManifest.xml:12:13-47
102            <meta-data
102-->[:react-native-image-picker] AndroidManifest.xml:13:13-15:70
103                android:name="android.support.FILE_PROVIDER_PATHS"
103-->[:react-native-image-picker] AndroidManifest.xml:14:17-67
104                android:resource="@xml/imagepicker_provider_paths" />
104-->[:react-native-image-picker] AndroidManifest.xml:15:17-67
105        </provider> <!-- A proxy-service that gives the library an opportunity to do some work before launching/resuming the actual application task. -->
106        <service android:name="com.wix.reactnativenotifications.core.ProxyService" />
106-->[:react-native-notifications] AndroidManifest.xml:10:9-86
106-->[:react-native-notifications] AndroidManifest.xml:10:18-83
107        <service
107-->[:react-native-notifications] AndroidManifest.xml:11:9-18:19
108            android:name="com.wix.reactnativenotifications.fcm.FcmInstanceIdListenerService"
108-->[:react-native-notifications] AndroidManifest.xml:12:13-93
109            android:exported="true" >
109-->[:react-native-notifications] AndroidManifest.xml:13:13-36
110            <intent-filter>
110-->[:react-native-notifications] AndroidManifest.xml:14:13-17:29
111                <action android:name="com.google.firebase.MESSAGING_EVENT" />
111-->[:react-native-notifications] AndroidManifest.xml:15:17-78
111-->[:react-native-notifications] AndroidManifest.xml:15:25-75
112                <action android:name="com.google.firebase.INSTANCE_ID_EVENT" />
112-->[:react-native-notifications] AndroidManifest.xml:16:17-80
112-->[:react-native-notifications] AndroidManifest.xml:16:25-77
113            </intent-filter>
114        </service>
115        <service
115-->[:react-native-notifications] AndroidManifest.xml:19:9-22:72
116            android:name="com.wix.reactnativenotifications.fcm.FcmInstanceIdRefreshHandlerService"
116-->[:react-native-notifications] AndroidManifest.xml:20:13-99
117            android:exported="false"
117-->[:react-native-notifications] AndroidManifest.xml:21:13-37
118            android:permission="android.permission.BIND_JOB_SERVICE" />
118-->[:react-native-notifications] AndroidManifest.xml:22:13-69
119
120        <provider
120-->[:react-native-webview] AndroidManifest.xml:8:9-16:20
121            android:name="com.reactnativecommunity.webview.RNCWebViewFileProvider"
121-->[:react-native-webview] AndroidManifest.xml:9:13-83
122            android:authorities="com.awesomtesteproject.fileprovider"
122-->[:react-native-webview] AndroidManifest.xml:10:13-64
123            android:exported="false"
123-->[:react-native-webview] AndroidManifest.xml:11:13-37
124            android:grantUriPermissions="true" >
124-->[:react-native-webview] AndroidManifest.xml:12:13-47
125            <meta-data
125-->[:react-native-image-picker] AndroidManifest.xml:13:13-15:70
126                android:name="android.support.FILE_PROVIDER_PATHS"
126-->[:react-native-image-picker] AndroidManifest.xml:14:17-67
127                android:resource="@xml/file_provider_paths" />
127-->[:react-native-image-picker] AndroidManifest.xml:15:17-67
128        </provider> <!-- 声明Kit SDK的名称和版本号 -->
129        <!-- Declare the SDK name and version -->
130        <meta-data
130-->[com.huawei.hms:location:6.9.0.300] AndroidManifest.xml:15:9-17:50
131            android:name="com.huawei.hms.client.service.name:location"
131-->[com.huawei.hms:location:6.9.0.300] AndroidManifest.xml:16:13-71
132            android:value="location:6.9.0.300" /> <!-- 声明对Kit服务依赖的最低API Level -->
132-->[com.huawei.hms:location:6.9.0.300] AndroidManifest.xml:17:13-47
133        <!-- Declare minSdkVersion required for using the kit -->
134        <meta-data
134-->[com.huawei.hms:location:6.9.0.300] AndroidManifest.xml:20:9-22:33
135            android:name="com.huawei.hms.min_api_level:location:location"
135-->[com.huawei.hms:location:6.9.0.300] AndroidManifest.xml:21:13-74
136            android:value="1" /> <!-- 关掉打点上报初始化 -->
136-->[com.huawei.hms:location:6.9.0.300] AndroidManifest.xml:22:13-30
137        <!-- Disable reporting of O&M logs -->
138        <meta-data
138-->[com.huawei.hms:location:6.9.0.300] AndroidManifest.xml:25:9-27:36
139            android:name="com.huawei.hms.client.bi.setting"
139-->[com.huawei.hms:location:6.9.0.300] AndroidManifest.xml:26:13-60
140            android:value="true" />
140-->[com.huawei.hms:location:6.9.0.300] AndroidManifest.xml:27:13-33
141        <meta-data
141-->[com.huawei.hms.LocationLiteSdk:core:2.9.0.300] AndroidManifest.xml:20:9-22:33
142            android:name="com.huawei.hms.min_api_level:com.huawei.hms:location:location"
142-->[com.huawei.hms.LocationLiteSdk:core:2.9.0.300] AndroidManifest.xml:21:13-89
143            android:value="1" />
143-->[com.huawei.hms.LocationLiteSdk:core:2.9.0.300] AndroidManifest.xml:22:13-30
144
145        <provider
145-->[androidx.work:work-runtime:2.8.1] AndroidManifest.xml:29:9-37:20
146            android:name="androidx.startup.InitializationProvider"
146-->[androidx.work:work-runtime:2.8.1] AndroidManifest.xml:30:13-67
147            android:authorities="com.awesomtesteproject.androidx-startup"
147-->[androidx.work:work-runtime:2.8.1] AndroidManifest.xml:31:13-68
148            android:exported="false" >
148-->[androidx.work:work-runtime:2.8.1] AndroidManifest.xml:32:13-37
149            <meta-data
149-->[androidx.work:work-runtime:2.8.1] AndroidManifest.xml:34:13-36:52
150                android:name="androidx.work.WorkManagerInitializer"
150-->[androidx.work:work-runtime:2.8.1] AndroidManifest.xml:35:17-68
151                android:value="androidx.startup" />
151-->[androidx.work:work-runtime:2.8.1] AndroidManifest.xml:36:17-49
152            <meta-data
152-->[androidx.emoji2:emoji2:1.0.0] AndroidManifest.xml:31:13-33:52
153                android:name="androidx.emoji2.text.EmojiCompatInitializer"
153-->[androidx.emoji2:emoji2:1.0.0] AndroidManifest.xml:32:17-75
154                android:value="androidx.startup" />
154-->[androidx.emoji2:emoji2:1.0.0] AndroidManifest.xml:33:17-49
155            <meta-data
155-->[androidx.lifecycle:lifecycle-process:2.4.0] AndroidManifest.xml:31:13-33:52
156                android:name="androidx.lifecycle.ProcessLifecycleInitializer"
156-->[androidx.lifecycle:lifecycle-process:2.4.0] AndroidManifest.xml:32:17-78
157                android:value="androidx.startup" />
157-->[androidx.lifecycle:lifecycle-process:2.4.0] AndroidManifest.xml:33:17-49
158        </provider>
159
160        <service
160-->[androidx.work:work-runtime:2.8.1] AndroidManifest.xml:39:9-45:35
161            android:name="androidx.work.impl.background.systemalarm.SystemAlarmService"
161-->[androidx.work:work-runtime:2.8.1] AndroidManifest.xml:40:13-88
162            android:directBootAware="false"
162-->[androidx.work:work-runtime:2.8.1] AndroidManifest.xml:41:13-44
163            android:enabled="@bool/enable_system_alarm_service_default"
163-->[androidx.work:work-runtime:2.8.1] AndroidManifest.xml:42:13-72
164            android:exported="false" />
164-->[androidx.work:work-runtime:2.8.1] AndroidManifest.xml:43:13-37
165        <service
165-->[androidx.work:work-runtime:2.8.1] AndroidManifest.xml:46:9-52:35
166            android:name="androidx.work.impl.background.systemjob.SystemJobService"
166-->[androidx.work:work-runtime:2.8.1] AndroidManifest.xml:47:13-84
167            android:directBootAware="false"
167-->[androidx.work:work-runtime:2.8.1] AndroidManifest.xml:48:13-44
168            android:enabled="@bool/enable_system_job_service_default"
168-->[androidx.work:work-runtime:2.8.1] AndroidManifest.xml:49:13-70
169            android:exported="true"
169-->[androidx.work:work-runtime:2.8.1] AndroidManifest.xml:50:13-36
170            android:permission="android.permission.BIND_JOB_SERVICE" />
170-->[androidx.work:work-runtime:2.8.1] AndroidManifest.xml:51:13-69
171        <service
171-->[androidx.work:work-runtime:2.8.1] AndroidManifest.xml:53:9-59:35
172            android:name="androidx.work.impl.foreground.SystemForegroundService"
172-->[androidx.work:work-runtime:2.8.1] AndroidManifest.xml:54:13-81
173            android:directBootAware="false"
173-->[androidx.work:work-runtime:2.8.1] AndroidManifest.xml:55:13-44
174            android:enabled="@bool/enable_system_foreground_service_default"
174-->[androidx.work:work-runtime:2.8.1] AndroidManifest.xml:56:13-77
175            android:exported="false" />
175-->[androidx.work:work-runtime:2.8.1] AndroidManifest.xml:57:13-37
176
177        <receiver
177-->[androidx.work:work-runtime:2.8.1] AndroidManifest.xml:61:9-66:35
178            android:name="androidx.work.impl.utils.ForceStopRunnable$BroadcastReceiver"
178-->[androidx.work:work-runtime:2.8.1] AndroidManifest.xml:62:13-88
179            android:directBootAware="false"
179-->[androidx.work:work-runtime:2.8.1] AndroidManifest.xml:63:13-44
180            android:enabled="true"
180-->[androidx.work:work-runtime:2.8.1] AndroidManifest.xml:64:13-35
181            android:exported="false" />
181-->[androidx.work:work-runtime:2.8.1] AndroidManifest.xml:65:13-37
182        <receiver
182-->[androidx.work:work-runtime:2.8.1] AndroidManifest.xml:67:9-77:20
183            android:name="androidx.work.impl.background.systemalarm.ConstraintProxy$BatteryChargingProxy"
183-->[androidx.work:work-runtime:2.8.1] AndroidManifest.xml:68:13-106
184            android:directBootAware="false"
184-->[androidx.work:work-runtime:2.8.1] AndroidManifest.xml:69:13-44
185            android:enabled="false"
185-->[androidx.work:work-runtime:2.8.1] AndroidManifest.xml:70:13-36
186            android:exported="false" >
186-->[androidx.work:work-runtime:2.8.1] AndroidManifest.xml:71:13-37
187            <intent-filter>
187-->[androidx.work:work-runtime:2.8.1] AndroidManifest.xml:73:13-76:29
188                <action android:name="android.intent.action.ACTION_POWER_CONNECTED" />
188-->[androidx.work:work-runtime:2.8.1] AndroidManifest.xml:74:17-87
188-->[androidx.work:work-runtime:2.8.1] AndroidManifest.xml:74:25-84
189                <action android:name="android.intent.action.ACTION_POWER_DISCONNECTED" />
189-->[androidx.work:work-runtime:2.8.1] AndroidManifest.xml:75:17-90
189-->[androidx.work:work-runtime:2.8.1] AndroidManifest.xml:75:25-87
190            </intent-filter>
191        </receiver>
192        <receiver
192-->[androidx.work:work-runtime:2.8.1] AndroidManifest.xml:78:9-88:20
193            android:name="androidx.work.impl.background.systemalarm.ConstraintProxy$BatteryNotLowProxy"
193-->[androidx.work:work-runtime:2.8.1] AndroidManifest.xml:79:13-104
194            android:directBootAware="false"
194-->[androidx.work:work-runtime:2.8.1] AndroidManifest.xml:80:13-44
195            android:enabled="false"
195-->[androidx.work:work-runtime:2.8.1] AndroidManifest.xml:81:13-36
196            android:exported="false" >
196-->[androidx.work:work-runtime:2.8.1] AndroidManifest.xml:82:13-37
197            <intent-filter>
197-->[androidx.work:work-runtime:2.8.1] AndroidManifest.xml:84:13-87:29
198                <action android:name="android.intent.action.BATTERY_OKAY" />
198-->[androidx.work:work-runtime:2.8.1] AndroidManifest.xml:85:17-77
198-->[androidx.work:work-runtime:2.8.1] AndroidManifest.xml:85:25-74
199                <action android:name="android.intent.action.BATTERY_LOW" />
199-->[androidx.work:work-runtime:2.8.1] AndroidManifest.xml:86:17-76
199-->[androidx.work:work-runtime:2.8.1] AndroidManifest.xml:86:25-73
200            </intent-filter>
201        </receiver>
202        <receiver
202-->[androidx.work:work-runtime:2.8.1] AndroidManifest.xml:89:9-99:20
203            android:name="androidx.work.impl.background.systemalarm.ConstraintProxy$StorageNotLowProxy"
203-->[androidx.work:work-runtime:2.8.1] AndroidManifest.xml:90:13-104
204            android:directBootAware="false"
204-->[androidx.work:work-runtime:2.8.1] AndroidManifest.xml:91:13-44
205            android:enabled="false"
205-->[androidx.work:work-runtime:2.8.1] AndroidManifest.xml:92:13-36
206            android:exported="false" >
206-->[androidx.work:work-runtime:2.8.1] AndroidManifest.xml:93:13-37
207            <intent-filter>
207-->[androidx.work:work-runtime:2.8.1] AndroidManifest.xml:95:13-98:29
208                <action android:name="android.intent.action.DEVICE_STORAGE_LOW" />
208-->[androidx.work:work-runtime:2.8.1] AndroidManifest.xml:96:17-83
208-->[androidx.work:work-runtime:2.8.1] AndroidManifest.xml:96:25-80
209                <action android:name="android.intent.action.DEVICE_STORAGE_OK" />
209-->[androidx.work:work-runtime:2.8.1] AndroidManifest.xml:97:17-82
209-->[androidx.work:work-runtime:2.8.1] AndroidManifest.xml:97:25-79
210            </intent-filter>
211        </receiver>
212        <receiver
212-->[androidx.work:work-runtime:2.8.1] AndroidManifest.xml:100:9-109:20
213            android:name="androidx.work.impl.background.systemalarm.ConstraintProxy$NetworkStateProxy"
213-->[androidx.work:work-runtime:2.8.1] AndroidManifest.xml:101:13-103
214            android:directBootAware="false"
214-->[androidx.work:work-runtime:2.8.1] AndroidManifest.xml:102:13-44
215            android:enabled="false"
215-->[androidx.work:work-runtime:2.8.1] AndroidManifest.xml:103:13-36
216            android:exported="false" >
216-->[androidx.work:work-runtime:2.8.1] AndroidManifest.xml:104:13-37
217            <intent-filter>
217-->[androidx.work:work-runtime:2.8.1] AndroidManifest.xml:106:13-108:29
218                <action android:name="android.net.conn.CONNECTIVITY_CHANGE" />
218-->[androidx.work:work-runtime:2.8.1] AndroidManifest.xml:107:17-79
218-->[androidx.work:work-runtime:2.8.1] AndroidManifest.xml:107:25-76
219            </intent-filter>
220        </receiver>
221        <receiver
221-->[androidx.work:work-runtime:2.8.1] AndroidManifest.xml:110:9-121:20
222            android:name="androidx.work.impl.background.systemalarm.RescheduleReceiver"
222-->[androidx.work:work-runtime:2.8.1] AndroidManifest.xml:111:13-88
223            android:directBootAware="false"
223-->[androidx.work:work-runtime:2.8.1] AndroidManifest.xml:112:13-44
224            android:enabled="false"
224-->[androidx.work:work-runtime:2.8.1] AndroidManifest.xml:113:13-36
225            android:exported="false" >
225-->[androidx.work:work-runtime:2.8.1] AndroidManifest.xml:114:13-37
226            <intent-filter>
226-->[androidx.work:work-runtime:2.8.1] AndroidManifest.xml:116:13-120:29
227                <action android:name="android.intent.action.BOOT_COMPLETED" />
227-->[androidx.work:work-runtime:2.8.1] AndroidManifest.xml:117:17-79
227-->[androidx.work:work-runtime:2.8.1] AndroidManifest.xml:117:25-76
228                <action android:name="android.intent.action.TIME_SET" />
228-->[androidx.work:work-runtime:2.8.1] AndroidManifest.xml:118:17-73
228-->[androidx.work:work-runtime:2.8.1] AndroidManifest.xml:118:25-70
229                <action android:name="android.intent.action.TIMEZONE_CHANGED" />
229-->[androidx.work:work-runtime:2.8.1] AndroidManifest.xml:119:17-81
229-->[androidx.work:work-runtime:2.8.1] AndroidManifest.xml:119:25-78
230            </intent-filter>
231        </receiver>
232        <receiver
232-->[androidx.work:work-runtime:2.8.1] AndroidManifest.xml:122:9-131:20
233            android:name="androidx.work.impl.background.systemalarm.ConstraintProxyUpdateReceiver"
233-->[androidx.work:work-runtime:2.8.1] AndroidManifest.xml:123:13-99
234            android:directBootAware="false"
234-->[androidx.work:work-runtime:2.8.1] AndroidManifest.xml:124:13-44
235            android:enabled="@bool/enable_system_alarm_service_default"
235-->[androidx.work:work-runtime:2.8.1] AndroidManifest.xml:125:13-72
236            android:exported="false" >
236-->[androidx.work:work-runtime:2.8.1] AndroidManifest.xml:126:13-37
237            <intent-filter>
237-->[androidx.work:work-runtime:2.8.1] AndroidManifest.xml:128:13-130:29
238                <action android:name="androidx.work.impl.background.systemalarm.UpdateProxies" />
238-->[androidx.work:work-runtime:2.8.1] AndroidManifest.xml:129:17-98
238-->[androidx.work:work-runtime:2.8.1] AndroidManifest.xml:129:25-95
239            </intent-filter>
240        </receiver>
241        <receiver
241-->[androidx.work:work-runtime:2.8.1] AndroidManifest.xml:132:9-142:20
242            android:name="androidx.work.impl.diagnostics.DiagnosticsReceiver"
242-->[androidx.work:work-runtime:2.8.1] AndroidManifest.xml:133:13-78
243            android:directBootAware="false"
243-->[androidx.work:work-runtime:2.8.1] AndroidManifest.xml:134:13-44
244            android:enabled="true"
244-->[androidx.work:work-runtime:2.8.1] AndroidManifest.xml:135:13-35
245            android:exported="true"
245-->[androidx.work:work-runtime:2.8.1] AndroidManifest.xml:136:13-36
246            android:permission="android.permission.DUMP" >
246-->[androidx.work:work-runtime:2.8.1] AndroidManifest.xml:137:13-57
247            <intent-filter>
247-->[androidx.work:work-runtime:2.8.1] AndroidManifest.xml:139:13-141:29
248                <action android:name="androidx.work.diagnostics.REQUEST_DIAGNOSTICS" />
248-->[androidx.work:work-runtime:2.8.1] AndroidManifest.xml:140:17-88
248-->[androidx.work:work-runtime:2.8.1] AndroidManifest.xml:140:25-85
249            </intent-filter>
250        </receiver>
251
252        <service
252-->[androidx.room:room-runtime:2.5.0] AndroidManifest.xml:24:9-28:63
253            android:name="androidx.room.MultiInstanceInvalidationService"
253-->[androidx.room:room-runtime:2.5.0] AndroidManifest.xml:25:13-74
254            android:directBootAware="true"
254-->[androidx.room:room-runtime:2.5.0] AndroidManifest.xml:26:13-43
255            android:exported="false" />
255-->[androidx.room:room-runtime:2.5.0] AndroidManifest.xml:27:13-37
256
257        <meta-data
257-->[com.facebook.soloader:soloader:0.10.5] AndroidManifest.xml:12:9-14:37
258            android:name="com.facebook.soloader.enabled"
258-->[com.facebook.soloader:soloader:0.10.5] AndroidManifest.xml:13:13-57
259            android:value="false" />
259-->[com.facebook.soloader:soloader:0.10.5] AndroidManifest.xml:14:13-34
260
261        <activity
261-->[io.github.nishkarsh:android-permissions:2.1.6] AndroidManifest.xml:12:9-16:59
262            android:name="com.intentfilter.androidpermissions.PermissionsActivity"
262-->[io.github.nishkarsh:android-permissions:2.1.6] AndroidManifest.xml:13:13-83
263            android:excludeFromRecents="true"